Der Buildvorgang wurde am 26.07.2013 13:56:57 gestartet.
     1>Projekt "Z:\library\3D\plugins\PIPELINE\C++\PedDumpConverter\PedDumpConverter\PedDumpConverter.vcxproj" auf Knoten "2", build Ziel(e).
     1>InitializeBuildStatus:
         Aktualisieren des Timestamps von "Debug\PedDumpConverter.unsuccessfulbuild".
       GenerateTargetFrameworkMonikerAttribute:
       Das Ziel "GenerateTargetFrameworkMonikerAttribute" wird übersprungen, da alle Ausgabedateien hinsichtlich der Eingabedateien aktuell sind.
       ClCompile:
         Alle Ausgaben sind aktuell.
         C:\Program Files (x86)\Microsoft Visual Studio 10.0\VC\bin\CL.exe /c /AI"C:\Program Files (x86)\Reference Assemblies\Microsoft\Framework\.NETFramework\v4.0" /Zi /clr /nologo /W3 /WX- /Od /Oy- /D WIN32 /D _DEBUG /D _UNICODE /D UNICODE /EHa /MDd /GS /fp:precise /Zc:wchar_t /Zc:forScope /Yu"StdAfx.h" /Fp"Debug\PedDumpConverter.pch" /Fo"Debug\\" /Fd"Debug\vc100.pdb" /TP /FU"C:\Program Files (x86)\Reference Assemblies\Microsoft\Framework\.NETFramework\v4.0\System.Core.dll" /FU"C:\Program Files (x86)\Reference Assemblies\Microsoft\Framework\.NETFramework\v4.0\System.Data.dll" /FU"C:\Program Files (x86)\Reference Assemblies\Microsoft\Framework\.NETFramework\v4.0\System.dll" /FU"C:\Program Files (x86)\Reference Assemblies\Microsoft\Framework\.NETFramework\v4.0\System.Xml.dll" /analyze- /errorReport:prompt types.cpp /clr:nostdlib 
         types.cpp
         C:\Program Files (x86)\Microsoft Visual Studio 10.0\VC\bin\CL.exe /c /Zi /clr /nologo /W3 /WX- /Od /Oy- /D WIN32 /D _DEBUG /D _UNICODE /D UNICODE /EHa /MDd /GS /fp:precise /Zc:wchar_t /Zc:forScope /Fo"Debug\\" /Fd"Debug\vc100.pdb" /TP /analyze- /errorReport:prompt "C:\Users\stefan.haehnlein\AppData\Local\Temp\.NETFramework,Version=v4.0.AssemblyAttributes.cpp"
         .NETFramework,Version=v4.0.AssemblyAttributes.cpp
       ResourceCompile:
         C:\Program Files (x86)\Microsoft SDKs\Windows\v7.0A\bin\rc.exe /D _UNICODE /D UNICODE /l"0x0409" /nologo /fo"Debug\app.res" app.rc 
       Link:
         C:\Program Files (x86)\Microsoft Visual Studio 10.0\VC\bin\link.exe /ERRORREPORT:PROMPT /OUT:"Z:\library\3D\plugins\PIPELINE\C++\PedDumpConverter\Debug\PedDumpConverter.exe" /INCREMENTAL /NOLOGO /MANIFEST /ManifestFile:"Debug\PedDumpConverter.exe.intermediate.manifest" /MANIFESTUAC:"level='asInvoker' uiAccess='false'" /DEBUG /PDB:"Z:\library\3D\plugins\PIPELINE\C++\PedDumpConverter\Debug\PedDumpConverter.pdb" /ASSEMBLYDEBUG /TLBID:1 /DYNAMICBASE /FIXED:NO /NXCOMPAT /MACHINE:X86 Debug\app.res
         Debug\AssemblyInfo.obj
         Debug\PedDumpConverter.obj
         Debug\stdafx.obj
         Debug\types.obj
         "Debug\.NETFramework,Version=v4.0.AssemblyAttributes.obj"
         PedDumpConverter.vcxproj -> Z:\library\3D\plugins\PIPELINE\C++\PedDumpConverter\Debug\PedDumpConverter.exe
       Manifest:
         C:\Program Files (x86)\Microsoft SDKs\Windows\v7.0A\bin\mt.exe /nologo /verbose /outputresource:"Z:\library\3D\plugins\PIPELINE\C++\PedDumpConverter\Debug\PedDumpConverter.exe;#1" /manifest Debug\PedDumpConverter.exe.intermediate.manifest
       FinalizeBuildStatus:
         Die Datei "Debug\PedDumpConverter.unsuccessfulbuild" wird gelöscht.
         Aktualisieren des Timestamps von "Debug\PedDumpConverter.lastbuildstate".
     1>Die Erstellung des Projekts "Z:\library\3D\plugins\PIPELINE\C++\PedDumpConverter\PedDumpConverter\PedDumpConverter.vcxproj" ist abgeschlossen, build Ziel(e).

Das Erstellen war erfolgreich.

Verstrichene Zeit 00:00:04.92
